app/build/intermediates/manifest_merge_blame_file/debug/processDebugMainManifest/manifest-merger-blame-debug-report.txt
1<?xml version="1.0" encoding="utf-8"?>
2<manifest xmlns:android="http://schemas.android.com/apk/res/android"
3    package="sv.edu.agroconecta"
4    android:versionCode="1"
5    android:versionName="1.0" >
6
7    <uses-sdk
7-->INJECTED
8        android:minSdkVersion="24"
8-->INJECTED
9        android:targetSdkVersion="36" />
9-->INJECTED
10
11    <!-- Permiso de internet -->
12    <uses-permission android:name="android.permission.CAMERA" />
12-->src\main\AndroidManifest.xml:6:9-68
12-->src\main\AndroidManifest.xml:6:26-66
13    <!-- Declara la camara como opcional para que funcione en emuladores -->
14    <uses-feature
14-->src\main\AndroidManifest.xml:8:5-84
15        android:name="android.hardware.camera"
15-->src\main\AndroidManifest.xml:8:19-57
16        android:required="false" />
16-->src\main\AndroidManifest.xml:8:58-82
17    <uses-feature
17-->src\main\AndroidManifest.xml:9:5-90
18        android:name="android.hardware.camera.front"
18-->src\main\AndroidManifest.xml:9:19-63
19        android:required="false" />
19-->src\main\AndroidManifest.xml:9:64-88
20
21    <uses-permission android:name="android.permission.READ_MEDIA_IMAGES" />
21-->src\main\AndroidManifest.xml:10:5-75
21-->src\main\AndroidManifest.xml:10:22-73
22    <uses-permission
22-->src\main\AndroidManifest.xml:11:5-106
23        android:name="android.permission.READ_EXTERNAL_STORAGE"
23-->src\main\AndroidManifest.xml:11:22-77
24        android:maxSdkVersion="32" />
24-->src\main\AndroidManifest.xml:11:78-104
25    <uses-permission android:name="android.permission.INTERNET" />
25-->src\main\AndroidManifest.xml:12:5-66
25-->src\main\AndroidManifest.xml:12:22-64
26    <uses-permission android:name="android.permission.ACCESS_FINE_LOCATION" />
26-->src\main\AndroidManifest.xml:13:5-78
26-->src\main\AndroidManifest.xml:13:22-76
27    <uses-permission android:name="android.permission.ACCESS_COARSE_LOCATION" />
27-->src\main\AndroidManifest.xml:14:5-80
27-->src\main\AndroidManifest.xml:14:22-78
28    <uses-permission android:name="android.permission.POST_NOTIFICATIONS" />
28-->src\main\AndroidManifest.xml:15:5-76
28-->src\main\AndroidManifest.xml:15:22-74
29
30    <!-- Android 11+ necesita declarar los intents que va a resolver -->
31    <queries>
31-->src\main\AndroidManifest.xml:18:5-30:15
32        <intent>
32-->src\main\AndroidManifest.xml:19:9-21:18
33            <action android:name="android.media.action.IMAGE_CAPTURE" />
33-->src\main\AndroidManifest.xml:20:13-72
33-->src\main\AndroidManifest.xml:20:21-70
34        </intent>
35        <intent>
35-->src\main\AndroidManifest.xml:22:9-25:18
36            <action android:name="android.intent.action.PICK" />
36-->src\main\AndroidManifest.xml:23:13-64
36-->src\main\AndroidManifest.xml:23:21-62
37
38            <data android:mimeType="image/*" />
38-->src\main\AndroidManifest.xml:24:13-47
38-->src\main\AndroidManifest.xml:24:19-45
39        </intent>
40        <intent>
40-->src\main\AndroidManifest.xml:26:9-29:18
41            <action android:name="android.intent.action.GET_CONTENT" />
41-->src\main\AndroidManifest.xml:27:13-71
41-->src\main\AndroidManifest.xml:27:21-69
42
43            <data android:mimeType="image/*" />
43-->src\main\AndroidManifest.xml:24:13-47
43-->src\main\AndroidManifest.xml:24:19-45
44        </intent>
45        <!-- Needs to be explicitly declared on Android R+ -->
46        <package android:name="com.google.android.apps.maps" />
46-->[com.google.android.gms:play-services-maps:18.2.0] AndroidManifest.xml:33:9-64
46-->[com.google.android.gms:play-services-maps:18.2.0] AndroidManifest.xml:33:18-61
47    </queries>
48
49    <!-- Include required permissions for Google Maps API to run. -->
50    <uses-permission android:name="android.permission.ACCESS_NETWORK_STATE" />
50-->[com.google.android.gms:play-services-maps:18.2.0] AndroidManifest.xml:23:5-79
50-->[com.google.android.gms:play-services-maps:18.2.0] AndroidManifest.xml:23:22-76
51
52    <uses-feature
52-->[com.google.android.gms:play-services-maps:18.2.0] AndroidManifest.xml:26:5-28:35
53        android:glEsVersion="0x00020000"
53-->[com.google.android.gms:play-services-maps:18.2.0] AndroidManifest.xml:27:9-41
54        android:required="true" />
54-->[com.google.android.gms:play-services-maps:18.2.0] AndroidManifest.xml:28:9-32
55
56    <uses-permission android:name="android.permission.WAKE_LOCK" /> <!-- Required by older versions of Google Play services to create IID tokens -->
56-->[com.google.firebase:firebase-messaging:23.4.0] AndroidManifest.xml:24:5-68
56-->[com.google.firebase:firebase-messaging:23.4.0] AndroidManifest.xml:24:22-65
57    <uses-permission android:name="com.google.android.c2dm.permission.RECEIVE" />
57-->[com.google.firebase:firebase-messaging:23.4.0] AndroidManifest.xml:26:5-82
57-->[com.google.firebase:firebase-messaging:23.4.0] AndroidManifest.xml:26:22-79
58    <uses-permission android:name="com.google.android.gms.permission.AD_ID" />
58-->[com.google.android.gms:play-services-measurement-api:21.5.0] AndroidManifest.xml:25:5-79
58-->[com.google.android.gms:play-services-measurement-api:21.5.0] AndroidManifest.xml:25:22-76
59    <uses-permission android:name="android.permission.ACCESS_ADSERVICES_ATTRIBUTION" />
59-->[com.google.android.gms:play-services-measurement-api:21.5.0] AndroidManifest.xml:26:5-88
59-->[com.google.android.gms:play-services-measurement-api:21.5.0] AndroidManifest.xml:26:22-85
60    <uses-permission android:name="android.permission.ACCESS_ADSERVICES_AD_ID" />
60-->[com.google.android.gms:play-services-measurement-api:21.5.0] AndroidManifest.xml:27:5-82
60-->[com.google.android.gms:play-services-measurement-api:21.5.0] AndroidManifest.xml:27:22-79
61    <uses-permission android:name="com.google.android.finsky.permission.BIND_GET_INSTALL_REFERRER_SERVICE" />
61-->[com.google.android.gms:play-services-measurement:21.5.0] AndroidManifest.xml:26:5-110
61-->[com.google.android.gms:play-services-measurement:21.5.0] AndroidManifest.xml:26:22-107
62
63    <permission
63-->[androidx.core:core:1.18.0] AndroidManifest.xml:22:5-24:47
64        android:name="sv.edu.agroconecta.DYNAMIC_RECEIVER_NOT_EXPORTED_PERMISSION"
64-->[androidx.core:core:1.18.0] AndroidManifest.xml:23:9-81
65        android:protectionLevel="signature" />
65-->[androidx.core:core:1.18.0] AndroidManifest.xml:24:9-44
66
67    <uses-permission android:name="sv.edu.agroconecta.DYNAMIC_RECEIVER_NOT_EXPORTED_PERMISSION" />
67-->[androidx.core:core:1.18.0] AndroidManifest.xml:26:5-97
67-->[androidx.core:core:1.18.0] AndroidManifest.xml:26:22-94
68
69    <application
69-->src\main\AndroidManifest.xml:32:5-184:15
70        android:allowBackup="true"
70-->src\main\AndroidManifest.xml:33:9-35
71        android:appComponentFactory="androidx.core.app.CoreComponentFactory"
71-->[androidx.core:core:1.18.0] AndroidManifest.xml:28:18-86
72        android:dataExtractionRules="@xml/data_extraction_rules"
72-->src\main\AndroidManifest.xml:35:9-65
73        android:debuggable="true"
74        android:extractNativeLibs="false"
74-->INJECTED
75        android:fullBackupContent="@xml/backup_rules"
75-->src\main\AndroidManifest.xml:36:9-54
76        android:icon="@mipmap/ic_launcher"
76-->src\main\AndroidManifest.xml:37:9-43
77        android:label="@string/app_name"
77-->src\main\AndroidManifest.xml:38:9-41
78        android:networkSecurityConfig="@xml/network_security_config"
78-->src\main\AndroidManifest.xml:42:9-69
79        android:roundIcon="@mipmap/ic_launcher_round"
79-->src\main\AndroidManifest.xml:39:9-54
80        android:supportsRtl="true"
80-->src\main\AndroidManifest.xml:40:9-35
81        android:testOnly="true"
82        android:theme="@style/Theme.AgroConecta"
82-->src\main\AndroidManifest.xml:41:9-49
83        android:usesCleartextTraffic="true" >
83-->src\main\AndroidManifest.xml:34:9-44
84
85        <!-- Login como pantalla inicial -->
86        <activity
86-->src\main\AndroidManifest.xml:45:9-53:20
87            android:name="sv.edu.agroconecta.ui.LoginActivity"
87-->src\main\AndroidManifest.xml:46:13-45
88            android:exported="true"
88-->src\main\AndroidManifest.xml:47:13-36
89            android:windowSoftInputMode="adjustPan" >
89-->src\main\AndroidManifest.xml:48:13-52
90            <intent-filter>
90-->src\main\AndroidManifest.xml:49:13-52:29
91                <action android:name="android.intent.action.MAIN" />
91-->src\main\AndroidManifest.xml:50:17-69
91-->src\main\AndroidManifest.xml:50:25-66
92
93                <category android:name="android.intent.category.LAUNCHER" />
93-->src\main\AndroidManifest.xml:51:17-77
93-->src\main\AndroidManifest.xml:51:27-74
94            </intent-filter>
95        </activity>
96
97        <!-- Usuarios Activity -->
98        <activity
98-->src\main\AndroidManifest.xml:56:9-58:40
99            android:name="sv.edu.agroconecta.ui.UsuarioActivity"
99-->src\main\AndroidManifest.xml:56:19-53
100            android:exported="false"
100-->src\main\AndroidManifest.xml:57:13-37
101            android:label="Usuarios" />
101-->src\main\AndroidManifest.xml:58:13-37
102
103        <!-- Panel de vistas del Administrador Activity -->
104        <activity
104-->src\main\AndroidManifest.xml:61:9-63:37
105            android:name="sv.edu.agroconecta.ui.AdminDashboardActivity"
105-->src\main\AndroidManifest.xml:61:19-60
106            android:exported="false"
106-->src\main\AndroidManifest.xml:62:13-37
107            android:label="Admin" />
107-->src\main\AndroidManifest.xml:63:13-34
108
109        <!-- Gestión de Productos para Admin -->
110        <activity
110-->src\main\AndroidManifest.xml:66:9-68:52
111            android:name="sv.edu.agroconecta.ui.ProductosAdminActivity"
111-->src\main\AndroidManifest.xml:66:19-60
112            android:exported="false"
112-->src\main\AndroidManifest.xml:67:13-37
113            android:label="Gestión de Productos" />
113-->src\main\AndroidManifest.xml:68:13-49
114        <activity
114-->src\main\AndroidManifest.xml:70:9-72:40
115            android:name="sv.edu.agroconecta.ui.AgregarEditarProductoActivity"
115-->src\main\AndroidManifest.xml:70:19-67
116            android:exported="false"
116-->src\main\AndroidManifest.xml:71:13-37
117            android:label="Producto" />
117-->src\main\AndroidManifest.xml:72:13-37
118
119        <!-- Reportes Activity -->
120        <activity
120-->src\main\AndroidManifest.xml:75:9-77:40
121            android:name="sv.edu.agroconecta.ui.ReportesActivity"
121-->src\main\AndroidManifest.xml:75:19-54
122            android:exported="false"
122-->src\main\AndroidManifest.xml:76:13-37
123            android:label="Reportes" />
123-->src\main\AndroidManifest.xml:77:13-37
124
125        <!-- Términos y Condiciones Activity -->
126        <activity
126-->src\main\AndroidManifest.xml:80:9-82:54
127            android:name="sv.edu.agroconecta.ui.TermsActivity"
127-->src\main\AndroidManifest.xml:80:19-51
128            android:exported="false"
128-->src\main\AndroidManifest.xml:81:13-37
129            android:label="Términos y Condiciones" />
129-->src\main\AndroidManifest.xml:82:13-51
130
131        <!-- Registro de Usuarios Activity -->
132        <activity
132-->src\main\AndroidManifest.xml:85:9-87:42
133            android:name="sv.edu.agroconecta.ui.RegisterActivity"
133-->src\main\AndroidManifest.xml:85:19-54
134            android:exported="false"
134-->src\main\AndroidManifest.xml:86:13-37
135            android:label="Registrarse" />
135-->src\main\AndroidManifest.xml:87:13-40
136
137        <!-- Editar Usuario Activity -->
138        <activity
138-->src\main\AndroidManifest.xml:90:9-92:37
139            android:name="sv.edu.agroconecta.ui.EditarUsuarioActivity"
139-->src\main\AndroidManifest.xml:90:19-59
140            android:exported="false"
140-->src\main\AndroidManifest.xml:91:13-37
141            android:label="Editar" />
141-->src\main\AndroidManifest.xml:92:13-35
142
143        <!-- Crear Usuario Activity -->
144        <activity
144-->src\main\AndroidManifest.xml:95:9-97:36
145            android:name="sv.edu.agroconecta.ui.CrearUsuarioActivity"
145-->src\main\AndroidManifest.xml:95:19-58
146            android:exported="false"
146-->src\main\AndroidManifest.xml:96:13-37
147            android:label="Crear" />
147-->src\main\AndroidManifest.xml:97:13-34
148
149        <!-- Main Activity -->
150        <activity
150-->src\main\AndroidManifest.xml:100:9-102:39
151            android:name="sv.edu.agroconecta.MainActivity"
151-->src\main\AndroidManifest.xml:101:13-41
152            android:exported="true" />
152-->src\main\AndroidManifest.xml:102:13-36
153
154        <!-- Buyer Module Activity -->
155        <activity
155-->src\main\AndroidManifest.xml:105:9-108:40
156            android:name="sv.edu.agroconecta.ui.BuyerModuleActivity"
156-->src\main\AndroidManifest.xml:106:13-51
157            android:exported="false"
157-->src\main\AndroidManifest.xml:108:13-37
158            android:label="Módulo Comprador" />
158-->src\main\AndroidManifest.xml:107:13-45
159
160        <!-- Mapa Activity -->
161        <activity
161-->src\main\AndroidManifest.xml:111:9-114:45
162            android:name="sv.edu.agroconecta.ui.MapaActivity"
162-->src\main\AndroidManifest.xml:112:13-44
163            android:exported="false"
163-->src\main\AndroidManifest.xml:113:13-37
164            android:label="Mapa de Fincas" />
164-->src\main\AndroidManifest.xml:114:13-43
165
166        <!-- Módulo Comprador - CRUD -->
167        <activity
167-->src\main\AndroidManifest.xml:117:9-120:47
168            android:name="sv.edu.agroconecta.ui.ProductoDetalleActivity"
168-->src\main\AndroidManifest.xml:118:13-55
169            android:exported="false"
169-->src\main\AndroidManifest.xml:119:13-37
170            android:label="Detalle Producto" />
170-->src\main\AndroidManifest.xml:120:13-45
171        <activity
171-->src\main\AndroidManifest.xml:122:9-125:41
172            android:name="sv.edu.agroconecta.ui.CarritoActivity"
172-->src\main\AndroidManifest.xml:123:13-47
173            android:exported="false"
173-->src\main\AndroidManifest.xml:124:13-37
174            android:label="Mi Carrito" />
174-->src\main\AndroidManifest.xml:125:13-39
175        <activity
175-->src\main\AndroidManifest.xml:127:9-130:42
176            android:name="sv.edu.agroconecta.ui.MisPedidosActivity"
176-->src\main\AndroidManifest.xml:128:13-50
177            android:exported="false"
177-->src\main\AndroidManifest.xml:129:13-37
178            android:label="Mis Pedidos" />
178-->src\main\AndroidManifest.xml:130:13-40
179
180        <meta-data
180-->src\main\AndroidManifest.xml:132:9-134:70
181            android:name="com.google.android.geo.API_KEY"
181-->src\main\AndroidManifest.xml:133:13-58
182            android:value="AIzaSyAkKvBXZo39gk1fqnxVJ7PCd0UVECRT7kI" />
182-->src\main\AndroidManifest.xml:134:13-68
183
184        <service
184-->src\main\AndroidManifest.xml:136:9-142:19
185            android:name="sv.edu.agroconecta.service.AgroConectaFirebaseService"
185-->src\main\AndroidManifest.xml:137:13-63
186            android:exported="false" >
186-->src\main\AndroidManifest.xml:138:13-37
187            <intent-filter>
187-->src\main\AndroidManifest.xml:139:13-141:29
188                <action android:name="com.google.firebase.MESSAGING_EVENT" />
188-->src\main\AndroidManifest.xml:140:17-77
188-->src\main\AndroidManifest.xml:140:25-75
189            </intent-filter>
190        </service>
191
192        <meta-data
192-->src\main\AndroidManifest.xml:144:9-146:46
193            android:name="com.google.firebase.messaging.default_notification_channel_id"
193-->src\main\AndroidManifest.xml:145:13-89
194            android:value="canal_productos" />
194-->src\main\AndroidManifest.xml:146:13-44
195
196        <!-- Vendedor -->
197        <activity
197-->src\main\AndroidManifest.xml:150:9-151:39
198            android:name="sv.edu.agroconecta.ui.VendedorDashboardActivity"
198-->src\main\AndroidManifest.xml:150:19-63
199            android:exported="true" />
199-->src\main\AndroidManifest.xml:151:13-36
200        <activity
200-->src\main\AndroidManifest.xml:152:9-153:40
201            android:name="sv.edu.agroconecta.ui.AgregarProductoVendedorActivity"
201-->src\main\AndroidManifest.xml:152:19-69
202            android:exported="false" />
202-->src\main\AndroidManifest.xml:153:13-37
203        <activity
203-->src\main\AndroidManifest.xml:154:9-155:40
204            android:name="sv.edu.agroconecta.ui.ContactarVendedorActivity"
204-->src\main\AndroidManifest.xml:154:19-63
205            android:exported="false" />
205-->src\main\AndroidManifest.xml:155:13-37
206
207        <provider
207-->INJECTED
208            android:name="androidx.core.content.FileProvider"
208-->src\main\AndroidManifest.xml:158:13-62
209            android:authorities="sv.edu.agroconecta.fileprovider"
209-->INJECTED
210            android:exported="false"
210-->src\main\AndroidManifest.xml:160:13-37
211            android:grantUriPermissions="true" >
211-->src\main\AndroidManifest.xml:161:13-47
212            <meta-data
212-->src\main\AndroidManifest.xml:162:13-164:53
213                android:name="android.support.FILE_PROVIDER_PATHS"
213-->src\main\AndroidManifest.xml:163:17-67
214                android:resource="@xml/file_paths" />
214-->src\main\AndroidManifest.xml:164:17-51
215        </provider>
216
217        <!-- Chat en tiempo real -->
218        <activity
218-->src\main\AndroidManifest.xml:168:9-77
219            android:name="sv.edu.agroconecta.ui.ChatActivity"
219-->src\main\AndroidManifest.xml:168:19-50
220            android:exported="false" />
220-->src\main\AndroidManifest.xml:168:51-75
221
222        <!-- Calificaciones -->
223        <activity
223-->src\main\AndroidManifest.xml:171:9-85
224            android:name="sv.edu.agroconecta.ui.CalificacionActivity"
224-->src\main\AndroidManifest.xml:171:19-58
225            android:exported="false" />
225-->src\main\AndroidManifest.xml:171:59-83
226
227        <!-- Seguimiento de pedido -->
228        <activity
228-->src\main\AndroidManifest.xml:174:9-90
229            android:name="sv.edu.agroconecta.ui.SeguimientoPedidoActivity"
229-->src\main\AndroidManifest.xml:174:19-63
230            android:exported="false" />
230-->src\main\AndroidManifest.xml:174:64-88
231
232        <!-- FCM Service -->
233        <service
233-->src\main\AndroidManifest.xml:136:9-142:19
234            android:name="sv.edu.agroconecta.service.AgroConectaFirebaseService"
234-->src\main\AndroidManifest.xml:137:13-63
235            android:exported="false" >
235-->src\main\AndroidManifest.xml:138:13-37
236            <intent-filter>
236-->src\main\AndroidManifest.xml:139:13-141:29
237                <action android:name="com.google.firebase.MESSAGING_EVENT" />
237-->src\main\AndroidManifest.xml:140:17-77
237-->src\main\AndroidManifest.xml:140:25-75
238            </intent-filter>
239        </service>
240        <!-- Needs to be explicitly declared on P+ -->
241        <uses-library
241-->[com.google.android.gms:play-services-maps:18.2.0] AndroidManifest.xml:39:9-41:40
242            android:name="org.apache.http.legacy"
242-->[com.google.android.gms:play-services-maps:18.2.0] AndroidManifest.xml:40:13-50
243            android:required="false" />
243-->[com.google.android.gms:play-services-maps:18.2.0] AndroidManifest.xml:41:13-37
244
245        <receiver
245-->[com.google.firebase:firebase-messaging:23.4.0] AndroidManifest.xml:29:9-40:20
246            android:name="com.google.firebase.iid.FirebaseInstanceIdReceiver"
246-->[com.google.firebase:firebase-messaging:23.4.0] AndroidManifest.xml:30:13-78
247            android:exported="true"
247-->[com.google.firebase:firebase-messaging:23.4.0] AndroidManifest.xml:31:13-36
248            android:permission="com.google.android.c2dm.permission.SEND" >
248-->[com.google.firebase:firebase-messaging:23.4.0] AndroidManifest.xml:32:13-73
249            <intent-filter>
249-->[com.google.firebase:firebase-messaging:23.4.0] AndroidManifest.xml:33:13-35:29
250                <action android:name="com.google.android.c2dm.intent.RECEIVE" />
250-->[com.google.firebase:firebase-messaging:23.4.0] AndroidManifest.xml:34:17-81
250-->[com.google.firebase:firebase-messaging:23.4.0] AndroidManifest.xml:34:25-78
251            </intent-filter>
252
253            <meta-data
253-->[com.google.firebase:firebase-messaging:23.4.0] AndroidManifest.xml:37:13-39:40
254                android:name="com.google.android.gms.cloudmessaging.FINISHED_AFTER_HANDLED"
254-->[com.google.firebase:firebase-messaging:23.4.0] AndroidManifest.xml:38:17-92
255                android:value="true" />
255-->[com.google.firebase:firebase-messaging:23.4.0] AndroidManifest.xml:39:17-37
256        </receiver>
257        <!--
258             FirebaseMessagingService performs security checks at runtime,
259             but set to not exported to explicitly avoid allowing another app to call it.
260        -->
261        <service
261-->[com.google.firebase:firebase-messaging:23.4.0] AndroidManifest.xml:46:9-53:19
262            android:name="com.google.firebase.messaging.FirebaseMessagingService"
262-->[com.google.firebase:firebase-messaging:23.4.0] AndroidManifest.xml:47:13-82
263            android:directBootAware="true"
263-->[com.google.firebase:firebase-messaging:23.4.0] AndroidManifest.xml:48:13-43
264            android:exported="false" >
264-->[com.google.firebase:firebase-messaging:23.4.0] AndroidManifest.xml:49:13-37
265            <intent-filter android:priority="-500" >
265-->src\main\AndroidManifest.xml:139:13-141:29
266                <action android:name="com.google.firebase.MESSAGING_EVENT" />
266-->src\main\AndroidManifest.xml:140:17-77
266-->src\main\AndroidManifest.xml:140:25-75
267            </intent-filter>
268        </service>
269        <service
269-->[com.google.firebase:firebase-messaging:23.4.0] AndroidManifest.xml:54:9-63:19
270            android:name="com.google.firebase.components.ComponentDiscoveryService"
270-->[com.google.firebase:firebase-messaging:23.4.0] AndroidManifest.xml:55:13-84
271            android:directBootAware="true"
271-->[com.google.firebase:firebase-common:20.4.2] AndroidManifest.xml:32:13-43
272            android:exported="false" >
272-->[com.google.firebase:firebase-messaging:23.4.0] AndroidManifest.xml:56:13-37
273            <meta-data
273-->[com.google.firebase:firebase-messaging:23.4.0] AndroidManifest.xml:57:13-59:85
274                android:name="com.google.firebase.components:com.google.firebase.messaging.FirebaseMessagingKtxRegistrar"
274-->[com.google.firebase:firebase-messaging:23.4.0] AndroidManifest.xml:58:17-122
275                android:value="com.google.firebase.components.ComponentRegistrar" />
275-->[com.google.firebase:firebase-messaging:23.4.0] AndroidManifest.xml:59:17-82
276            <meta-data
276-->[com.google.firebase:firebase-messaging:23.4.0] AndroidManifest.xml:60:13-62:85
277                android:name="com.google.firebase.components:com.google.firebase.messaging.FirebaseMessagingRegistrar"
277-->[com.google.firebase:firebase-messaging:23.4.0] AndroidManifest.xml:61:17-119
278                android:value="com.google.firebase.components.ComponentRegistrar" />
278-->[com.google.firebase:firebase-messaging:23.4.0] AndroidManifest.xml:62:17-82
279            <meta-data
279-->[com.google.firebase:firebase-database:20.3.0] AndroidManifest.xml:29:13-31:85
280                android:name="com.google.firebase.components:com.google.firebase.database.FirebaseDatabaseKtxRegistrar"
280-->[com.google.firebase:firebase-database:20.3.0] AndroidManifest.xml:30:17-120
281                android:value="com.google.firebase.components.ComponentRegistrar" />
281-->[com.google.firebase:firebase-database:20.3.0] AndroidManifest.xml:31:17-82
282            <meta-data
282-->[com.google.firebase:firebase-database:20.3.0] AndroidManifest.xml:32:13-34:85
283                android:name="com.google.firebase.components:com.google.firebase.database.DatabaseRegistrar"
283-->[com.google.firebase:firebase-database:20.3.0] AndroidManifest.xml:33:17-109
284                android:value="com.google.firebase.components.ComponentRegistrar" />
284-->[com.google.firebase:firebase-database:20.3.0] AndroidManifest.xml:34:17-82
285            <meta-data
285-->[com.google.android.gms:play-services-measurement-api:21.5.0] AndroidManifest.xml:37:13-39:85
286                android:name="com.google.firebase.components:com.google.firebase.analytics.connector.internal.AnalyticsConnectorRegistrar"
286-->[com.google.android.gms:play-services-measurement-api:21.5.0] AndroidManifest.xml:38:17-139
287                android:value="com.google.firebase.components.ComponentRegistrar" />
287-->[com.google.android.gms:play-services-measurement-api:21.5.0] AndroidManifest.xml:39:17-82
288            <meta-data
288-->[com.google.firebase:firebase-installations:17.2.0] AndroidManifest.xml:15:13-17:85
289                android:name="com.google.firebase.components:com.google.firebase.installations.FirebaseInstallationsKtxRegistrar"
289-->[com.google.firebase:firebase-installations:17.2.0] AndroidManifest.xml:16:17-130
290                android:value="com.google.firebase.components.ComponentRegistrar" />
290-->[com.google.firebase:firebase-installations:17.2.0] AndroidManifest.xml:17:17-82
291            <meta-data
291-->[com.google.firebase:firebase-installations:17.2.0] AndroidManifest.xml:18:13-20:85
292                android:name="com.google.firebase.components:com.google.firebase.installations.FirebaseInstallationsRegistrar"
292-->[com.google.firebase:firebase-installations:17.2.0] AndroidManifest.xml:19:17-127
293                android:value="com.google.firebase.components.ComponentRegistrar" />
293-->[com.google.firebase:firebase-installations:17.2.0] AndroidManifest.xml:20:17-82
294            <meta-data
294-->[com.google.firebase:firebase-common-ktx:20.4.2] AndroidManifest.xml:12:13-14:85
295                android:name="com.google.firebase.components:com.google.firebase.ktx.FirebaseCommonLegacyRegistrar"
295-->[com.google.firebase:firebase-common-ktx:20.4.2] AndroidManifest.xml:13:17-116
296                android:value="com.google.firebase.components.ComponentRegistrar" />
296-->[com.google.firebase:firebase-common-ktx:20.4.2] AndroidManifest.xml:14:17-82
297            <meta-data
297-->[com.google.firebase:firebase-common:20.4.2] AndroidManifest.xml:35:13-37:85
298                android:name="com.google.firebase.components:com.google.firebase.FirebaseCommonKtxRegistrar"
298-->[com.google.firebase:firebase-common:20.4.2] AndroidManifest.xml:36:17-109
299                android:value="com.google.firebase.components.ComponentRegistrar" />
299-->[com.google.firebase:firebase-common:20.4.2] AndroidManifest.xml:37:17-82
300            <meta-data
300-->[com.google.firebase:firebase-datatransport:18.1.7] AndroidManifest.xml:27:13-29:85
301                android:name="com.google.firebase.components:com.google.firebase.datatransport.TransportRegistrar"
301-->[com.google.firebase:firebase-datatransport:18.1.7] AndroidManifest.xml:28:17-115
302                android:value="com.google.firebase.components.ComponentRegistrar" />
302-->[com.google.firebase:firebase-datatransport:18.1.7] AndroidManifest.xml:29:17-82
303        </service>
304
305        <activity
305-->[com.google.android.gms:play-services-base:18.3.0] AndroidManifest.xml:20:9-22:45
306            android:name="com.google.android.gms.common.api.GoogleApiActivity"
306-->[com.google.android.gms:play-services-base:18.3.0] AndroidManifest.xml:20:19-85
307            android:exported="false"
307-->[com.google.android.gms:play-services-base:18.3.0] AndroidManifest.xml:22:19-43
308            android:theme="@android:style/Theme.Translucent.NoTitleBar" />
308-->[com.google.android.gms:play-services-base:18.3.0] AndroidManifest.xml:21:19-78
309
310        <property
310-->[com.google.android.gms:play-services-measurement-api:21.5.0] AndroidManifest.xml:30:9-32:61
311            android:name="android.adservices.AD_SERVICES_CONFIG"
311-->[com.google.android.gms:play-services-measurement-api:21.5.0] AndroidManifest.xml:31:13-65
312            android:resource="@xml/ga_ad_services_config" />
312-->[com.google.android.gms:play-services-measurement-api:21.5.0] AndroidManifest.xml:32:13-58
313
314        <provider
314-->[com.google.firebase:firebase-common:20.4.2] AndroidManifest.xml:23:9-28:39
315            android:name="com.google.firebase.provider.FirebaseInitProvider"
315-->[com.google.firebase:firebase-common:20.4.2] AndroidManifest.xml:24:13-77
316            android:authorities="sv.edu.agroconecta.firebaseinitprovider"
316-->[com.google.firebase:firebase-common:20.4.2] AndroidManifest.xml:25:13-72
317            android:directBootAware="true"
317-->[com.google.firebase:firebase-common:20.4.2] AndroidManifest.xml:26:13-43
318            android:exported="false"
318-->[com.google.firebase:firebase-common:20.4.2] AndroidManifest.xml:27:13-37
319            android:initOrder="100" />
319-->[com.google.firebase:firebase-common:20.4.2] AndroidManifest.xml:28:13-36
320        <provider
320-->[androidx.emoji2:emoji2:1.3.0] AndroidManifest.xml:24:9-32:20
321            android:name="androidx.startup.InitializationProvider"
321-->[androidx.emoji2:emoji2:1.3.0] AndroidManifest.xml:25:13-67
322            android:authorities="sv.edu.agroconecta.androidx-startup"
322-->[androidx.emoji2:emoji2:1.3.0] AndroidManifest.xml:26:13-68
323            android:exported="false" >
323-->[androidx.emoji2:emoji2:1.3.0] AndroidManifest.xml:27:13-37
324            <meta-data
324-->[androidx.emoji2:emoji2:1.3.0] AndroidManifest.xml:29:13-31:52
325                android:name="androidx.emoji2.text.EmojiCompatInitializer"
325-->[androidx.emoji2:emoji2:1.3.0] AndroidManifest.xml:30:17-75
326                android:value="androidx.startup" />
326-->[androidx.emoji2:emoji2:1.3.0] AndroidManifest.xml:31:17-49